FAIL_SUMMARY:
   NJOB_FAIL(TOTAL):           0  # 

# STATE  IVER     GENVERSION     NLC_GEN NLC_WRITE NSPEC_WRITE  CPU  NSPLIT   
SPLIT: 
  - ['DONE', 0, 'TMP_djbr_PIP_PLUS_10REAL_SIMPS1REAL_4D_BS20_SNIaMODEL0', 312430, 5323, 0, 25.6, 10]

# STATE     IVER  GENVERSION     NLC_GEN NLC_WRITE NSPEC_WRITE CPU   
MERGE: 
  - ['DONE', 0, 'PIP_PLUS_10REAL_SIMPS1REAL_4D_BS20-0001', 31243, 513, 0, 2.5]
  - ['DONE', 0, 'PIP_PLUS_10REAL_SIMPS1REAL_4D_BS20-0002', 31243, 571, 0, 2.6]
  - ['DONE', 0, 'PIP_PLUS_10REAL_SIMPS1REAL_4D_BS20-0003', 31243, 530, 0, 2.5]
  - ['DONE', 0, 'PIP_PLUS_10REAL_SIMPS1REAL_4D_BS20-0004', 31243, 564, 0, 2.4]
  - ['DONE', 0, 'PIP_PLUS_10REAL_SIMPS1REAL_4D_BS20-0005', 31243, 510, 0, 2.6]
  - ['DONE', 0, 'PIP_PLUS_10REAL_SIMPS1REAL_4D_BS20-0006', 31243, 478, 0, 2.6]
  - ['DONE', 0, 'PIP_PLUS_10REAL_SIMPS1REAL_4D_BS20-0007', 31243, 559, 0, 2.6]
  - ['DONE', 0, 'PIP_PLUS_10REAL_SIMPS1REAL_4D_BS20-0008', 31243, 515, 0, 2.6]
  - ['DONE', 0, 'PIP_PLUS_10REAL_SIMPS1REAL_4D_BS20-0009', 31243, 562, 0, 2.6]
  - ['DONE', 0, 'PIP_PLUS_10REAL_SIMPS1REAL_4D_BS20-0010', 31243, 521, 0, 2.6]

SURVEY:         PS1MD 
IDSURVEY:       15 
NLC_GEN_SUM:      312430 
NLC_WRITE_SUM:    5323 
NSPEC_WRITE_SUM:  0 
UNIT_TIME:      hours    
WALL_TIME:      0.072  # hours   
TMIN_PENDING:   0.03  
TMAX_PENDING:   0.03  
CPU_SUM:        0.427   # hours 
EFFIC_CPU:      0.595   # CPU/core/T_wall 
