FAIL_SUMMARY:
   NJOB_FAIL(TOTAL):           0  # 

# STATE  IVER     GENVERSION     NLC_GEN NLC_WRITE NSPEC_WRITE  CPU  NSPLIT  
SPLIT: 
  - ['DONE', 0, 'TMP_djbr_PIP_PLUS_10REAL_SIMHSTREAL_4D_BS20_SNIaMODEL0', 26670, 9341, 0, 3.0, 10]

# STATE     IVER  GENVERSION     NLC_GEN NLC_WRITE NSPEC_WRITE CPU  
MERGE: 
  - ['DONE', 0, 'PIP_PLUS_10REAL_SIMHSTREAL_4D_BS20-0001', 2667, 913, 0, 0.3]
  - ['DONE', 0, 'PIP_PLUS_10REAL_SIMHSTREAL_4D_BS20-0002', 2667, 939, 0, 0.3]
  - ['DONE', 0, 'PIP_PLUS_10REAL_SIMHSTREAL_4D_BS20-0003', 2667, 915, 0, 0.3]
  - ['DONE', 0, 'PIP_PLUS_10REAL_SIMHSTREAL_4D_BS20-0004', 2667, 938, 0, 0.3]
  - ['DONE', 0, 'PIP_PLUS_10REAL_SIMHSTREAL_4D_BS20-0005', 2667, 927, 0, 0.3]
  - ['DONE', 0, 'PIP_PLUS_10REAL_SIMHSTREAL_4D_BS20-0006', 2667, 949, 0, 0.3]
  - ['DONE', 0, 'PIP_PLUS_10REAL_SIMHSTREAL_4D_BS20-0007', 2667, 937, 0, 0.3]
  - ['DONE', 0, 'PIP_PLUS_10REAL_SIMHSTREAL_4D_BS20-0008', 2667, 944, 0, 0.3]
  - ['DONE', 0, 'PIP_PLUS_10REAL_SIMHSTREAL_4D_BS20-0009', 2667, 929, 0, 0.3]
  - ['DONE', 0, 'PIP_PLUS_10REAL_SIMHSTREAL_4D_BS20-0010', 2667, 950, 0, 0.3]

SURVEY:         PS1_HST_COMBINED 
IDSURVEY:       71 
NLC_GEN_SUM:      26670 
NLC_WRITE_SUM:    9341 
NSPEC_WRITE_SUM:  0 
UNIT_TIME:      hours    
WALL_TIME:      0.032  # hours   
TMIN_PENDING:   0.02  
TMAX_PENDING:   0.02  
CPU_SUM:        0.050   # hours 
EFFIC_CPU:      0.157   # CPU/core/T_wall 
