 Program class : Simulation 

 Program name: snlc_sim.exe
	 Batch command:  sbatch
	 Batch template: /project2/rkessler/PRODUCTS/SNANA/SBATCH_TEMPLATES/SBATCH_Midway2b.TEMPLATE
	 Batch n_core:   10
 Create output dir:
   /scratch/midway2/rkessler/PIPPIN_OUTPUT/PLUS_10REAL/1_SIM/SIMSNLSREAL_4D_BS20/LOGS
  Create command files:
	 Create CPU0000_JOBLIST_midway2-login1.CMD
	 Create CPU0001_JOBLIST_midway2-login1.CMD
	 Create CPU0002_JOBLIST_midway2-login1.CMD
	 Create CPU0003_JOBLIST_midway2-login1.CMD
	 Create CPU0004_JOBLIST_midway2-login1.CMD
	 Create CPU0005_JOBLIST_midway2-login1.CMD
	 Create CPU0006_JOBLIST_midway2-login1.CMD
	 Create CPU0007_JOBLIST_midway2-login1.CMD
	 Create CPU0008_JOBLIST_midway2-login1.CMD
	 Create CPU0009_JOBLIST_midway2-login1.CMD
 BATCH DRIVER JOB COUNT SUMMARY: 10 jobs on 10 cores
  Create MERGE.LOG
  Create SUBMIT.INFO
	 pid = 15446296 for PIP_PLUS_10REAL_SIMSNLSREAL_4D_BS20.input-CPU0000
	 pid = 15446297 for PIP_PLUS_10REAL_SIMSNLSREAL_4D_BS20.input-CPU0001
	 pid = 15446298 for PIP_PLUS_10REAL_SIMSNLSREAL_4D_BS20.input-CPU0002
	 pid = 15446299 for PIP_PLUS_10REAL_SIMSNLSREAL_4D_BS20.input-CPU0003
	 pid = 15446300 for PIP_PLUS_10REAL_SIMSNLSREAL_4D_BS20.input-CPU0004
	 pid = 15446301 for PIP_PLUS_10REAL_SIMSNLSREAL_4D_BS20.input-CPU0005
	 pid = 15446302 for PIP_PLUS_10REAL_SIMSNLSREAL_4D_BS20.input-CPU0006
	 pid = 15446303 for PIP_PLUS_10REAL_SIMSNLSREAL_4D_BS20.input-CPU0007
	 pid = 15446304 for PIP_PLUS_10REAL_SIMSNLSREAL_4D_BS20.input-CPU0008
	 pid = 15446305 for PIP_PLUS_10REAL_SIMSNLSREAL_4D_BS20.input-CPU0009
No warnings
No errors

 sim_prep_GENOPT(PIP_PLUS_10REAL_SIMSNLSREAL_4D_BS20) 
	 GENOPT(SIMGEN_MASTER_SNLS_datacutwinsnrmax.INPUT): EXPOSURE_TIME 2.0     GENGRID_SALT2BETA 0     GENMAG_OFF_GLOBAL -0.12     GENMAG_SMEAR 1e-06     GENMAG_SMEAR_MODELNAME C11     GENMAG_SMEAR_SCALE 0.0001     GENMAG_SMEAR_SCALE\(c\) 0,0     GENMODEL $PANTHEONPLUS/submit_trainSALT2/out_train_v6_1/SALT2.MODEL000     GENPDF_FILE /project2/rkessler/SURVEYS/SDSS/USERS/BAP37/MASS_paper/AS/DISTS/HIGHZ_lowRVSTD.v2.DAT     GENPEAK_SALT2ALPHA 0.145     GENPEAK_SALT2BETA 2.0     GENPEAK_SALT2c -0.084     GENRANGE_SALT2BETA .4 13     GENRANGE_SALT2c -0.40    0.50     GENSIGMA_SALT2BETA .35 .35     GENSIGMA_SALT2c 0.042  0.042     GENSIGMA_VPEC 0     HOSTLIB_FILE $PANTHEONPLUS/HOSTLIBS/F2/HIZ-SPEC-BS20.HOSTLIB     HOSTLIB_MSKOPT 66     HOSTLIB_SCALE_LOGMASS_ERR 0.0     HOSTLIB_WGTMAP_FILE $PANTHEONPLUS/siminputs/SNLS.WGT     OPT_MWCOLORLAW 89     OPT_MWEBV 3     SEARCHEFF_SPEC_FILE $PANTHEONPLUS/siminputs/SEARCHEFF_SPEC_SNLS_IMPROVED.DAT     VPEC_ERR 0     
  FORMAT_MASK = 48 (<built-in function format>) 
  Compute NGENTOT=  2350 for SIMnorm_PIP_PLUS_10REAL_SIMSNLSREAL_4D_BS20_SNIaMODEL0

     GENVERSION        MODEL        CIDOFF(GENVERSION)
# -------------------------------------------------- 
 PIP_PLUS_10REAL_SIMS SNIa-0   [0, 5136] ... [41088, 46224]
# -------------------------------------------------- 
  RESET_CIDOFF        = 1 
  CIDRAN_MIN        = 0
  CIDRAN_MAX(genver)= [51360]
  Sum of NGENTOT_LC = 3760 x 10 (distribute among 10 jobs)

 Done launching jobs. Sit back and relax.
 Check status in LOGS/MERGE.LOG 
