FAIL_SUMMARY:
   NJOB_FAIL(TOTAL):           0  # 

# STATE  IVER     GENVERSION     NLC_GEN NLC_WRITE NSPEC_WRITE  CPU  NSPLIT  
SPLIT: 
  - ['DONE', 0, 'TMP_djbr_PIP_PLUS_10REAL_SIMSNLSREAL_4D_BS20_SNIaMODEL0', 37600, 6429, 0, 8.0, 10]

# STATE     IVER  GENVERSION     NLC_GEN NLC_WRITE NSPEC_WRITE CPU  
MERGE: 
  - ['DONE', 0, 'PIP_PLUS_10REAL_SIMSNLSREAL_4D_BS20-0001', 3760, 653, 0, 0.8]
  - ['DONE', 0, 'PIP_PLUS_10REAL_SIMSNLSREAL_4D_BS20-0002', 3760, 634, 0, 0.8]
  - ['DONE', 0, 'PIP_PLUS_10REAL_SIMSNLSREAL_4D_BS20-0003', 3760, 603, 0, 0.8]
  - ['DONE', 0, 'PIP_PLUS_10REAL_SIMSNLSREAL_4D_BS20-0004', 3760, 628, 0, 0.8]
  - ['DONE', 0, 'PIP_PLUS_10REAL_SIMSNLSREAL_4D_BS20-0005', 3760, 652, 0, 0.8]
  - ['DONE', 0, 'PIP_PLUS_10REAL_SIMSNLSREAL_4D_BS20-0006', 3760, 671, 0, 0.8]
  - ['DONE', 0, 'PIP_PLUS_10REAL_SIMSNLSREAL_4D_BS20-0007', 3760, 650, 0, 0.8]
  - ['DONE', 0, 'PIP_PLUS_10REAL_SIMSNLSREAL_4D_BS20-0008', 3760, 660, 0, 0.8]
  - ['DONE', 0, 'PIP_PLUS_10REAL_SIMSNLSREAL_4D_BS20-0009', 3760, 631, 0, 0.8]
  - ['DONE', 0, 'PIP_PLUS_10REAL_SIMSNLSREAL_4D_BS20-0010', 3760, 647, 0, 0.8]

SURVEY:         SNLS 
IDSURVEY:       4 
NLC_GEN_SUM:      37600 
NLC_WRITE_SUM:    6429 
NSPEC_WRITE_SUM:  0 
UNIT_TIME:      hours    
WALL_TIME:      0.040  # hours   
TMIN_PENDING:   0.02  
TMAX_PENDING:   0.02  
CPU_SUM:        0.133   # hours 
EFFIC_CPU:      0.332   # CPU/core/T_wall 
