FAIL_SUMMARY:
   NJOB_FAIL(TOTAL):           0  # 

# STATE  IVER     GENVERSION     NLC_GEN NLC_WRITE NSPEC_WRITE  CPU  NSPLIT  
SPLIT: 
  - ['DONE', 0, 'TMP_djbr_PIP_PLUS_10REAL_SIMSDSSREAL_4D_BS20_SNIaMODEL0', 73130, 2185, 0, 3.0, 10]

# STATE     IVER  GENVERSION     NLC_GEN NLC_WRITE NSPEC_WRITE CPU  
MERGE: 
  - ['DONE', 0, 'PIP_PLUS_10REAL_SIMSDSSREAL_4D_BS20-0001', 7313, 193, 0, 0.3]
  - ['DONE', 0, 'PIP_PLUS_10REAL_SIMSDSSREAL_4D_BS20-0002', 7313, 250, 0, 0.3]
  - ['DONE', 0, 'PIP_PLUS_10REAL_SIMSDSSREAL_4D_BS20-0003', 7313, 200, 0, 0.3]
  - ['DONE', 0, 'PIP_PLUS_10REAL_SIMSDSSREAL_4D_BS20-0004', 7313, 230, 0, 0.3]
  - ['DONE', 0, 'PIP_PLUS_10REAL_SIMSDSSREAL_4D_BS20-0005', 7313, 224, 0, 0.3]
  - ['DONE', 0, 'PIP_PLUS_10REAL_SIMSDSSREAL_4D_BS20-0006', 7313, 215, 0, 0.3]
  - ['DONE', 0, 'PIP_PLUS_10REAL_SIMSDSSREAL_4D_BS20-0007', 7313, 215, 0, 0.3]
  - ['DONE', 0, 'PIP_PLUS_10REAL_SIMSDSSREAL_4D_BS20-0008', 7313, 214, 0, 0.3]
  - ['DONE', 0, 'PIP_PLUS_10REAL_SIMSDSSREAL_4D_BS20-0009', 7313, 218, 0, 0.3]
  - ['DONE', 0, 'PIP_PLUS_10REAL_SIMSDSSREAL_4D_BS20-0010', 7313, 226, 0, 0.3]

SURVEY:         SDSS 
IDSURVEY:       1 
NLC_GEN_SUM:      73130 
NLC_WRITE_SUM:    2185 
NSPEC_WRITE_SUM:  0 
UNIT_TIME:      hours    
WALL_TIME:      0.033  # hours   
TMIN_PENDING:   0.02  
TMAX_PENDING:   0.02  
CPU_SUM:        0.050   # hours 
EFFIC_CPU:      0.150   # CPU/core/T_wall 
