 Program class : Simulation 

 Program name: snlc_sim.exe
	 Batch command:  sbatch
	 Batch template: /project2/rkessler/PRODUCTS/SNANA/SBATCH_TEMPLATES/SBATCH_Midway2b.TEMPLATE
	 Batch n_core:   10
 Create output dir:
   /scratch/midway2/rkessler/PIPPIN_OUTPUT/PLUS_10REAL/1_SIM/SIMHSTREAL_4D_BS20/LOGS
  Create command files:
	 Create CPU0000_JOBLIST_midway2-login1.CMD
	 Create CPU0001_JOBLIST_midway2-login1.CMD
	 Create CPU0002_JOBLIST_midway2-login1.CMD
	 Create CPU0003_JOBLIST_midway2-login1.CMD
	 Create CPU0004_JOBLIST_midway2-login1.CMD
	 Create CPU0005_JOBLIST_midway2-login1.CMD
	 Create CPU0006_JOBLIST_midway2-login1.CMD
	 Create CPU0007_JOBLIST_midway2-login1.CMD
	 Create CPU0008_JOBLIST_midway2-login1.CMD
	 Create CPU0009_JOBLIST_midway2-login1.CMD
 BATCH DRIVER JOB COUNT SUMMARY: 10 jobs on 10 cores
  Create MERGE.LOG
  Create SUBMIT.INFO
	 pid = 15446306 for PIP_PLUS_10REAL_SIMHSTREAL_4D_BS20.input-CPU0000
	 pid = 15446307 for PIP_PLUS_10REAL_SIMHSTREAL_4D_BS20.input-CPU0001
	 pid = 15446308 for PIP_PLUS_10REAL_SIMHSTREAL_4D_BS20.input-CPU0002
	 pid = 15446309 for PIP_PLUS_10REAL_SIMHSTREAL_4D_BS20.input-CPU0003
	 pid = 15446310 for PIP_PLUS_10REAL_SIMHSTREAL_4D_BS20.input-CPU0004
	 pid = 15446311 for PIP_PLUS_10REAL_SIMHSTREAL_4D_BS20.input-CPU0005
	 pid = 15446312 for PIP_PLUS_10REAL_SIMHSTREAL_4D_BS20.input-CPU0006
	 pid = 15446313 for PIP_PLUS_10REAL_SIMHSTREAL_4D_BS20.input-CPU0007
	 pid = 15446314 for PIP_PLUS_10REAL_SIMHSTREAL_4D_BS20.input-CPU0008
	 pid = 15446315 for PIP_PLUS_10REAL_SIMHSTREAL_4D_BS20.input-CPU0009
No warnings
No errors

 sim_prep_GENOPT(PIP_PLUS_10REAL_SIMHSTREAL_4D_BS20) 
	 GENOPT(sim_HST_newlib.input): GENGRID_SALT2BETA 0     GENMAG_OFF_GLOBAL -0.12     GENMAG_SMEAR 1e-06     GENMAG_SMEAR_MODELNAME C11     GENMAG_SMEAR_SCALE 0.0001     GENMAG_SMEAR_SCALE\(c\) 0,0     GENMODEL $PANTHEONPLUS/submit_trainSALT2/out_train_v6_1/SALT2.MODEL000     GENPDF_FILE /project2/rkessler/SURVEYS/SDSS/USERS/BAP37/MASS_paper/AS/DISTS/HIGHZ_lowRVSTD.v2.DAT     GENPEAK_SALT2ALPHA 0.145     GENPEAK_SALT2BETA 2.0     GENPEAK_SALT2c -0.084     GENRANGE_SALT2BETA .4 13     GENRANGE_SALT2c -0.40    0.50     GENSIGMA_SALT2BETA .35 .35     GENSIGMA_SALT2c 0.042  0.042     GENSIGMA_VPEC 0     HOSTLIB_FILE $PANTHEONPLUS/siminputs/HST-SPEC-BS20-GGN.HOSTLIB     HOSTLIB_MSKOPT 66     HOSTLIB_SCALE_LOGMASS_ERR 0.0     HOSTLIB_WGTMAP_FILE $PANTHEONPLUS/siminputs/SNLS.WGT     OPT_MWCOLORLAW 89     OPT_MWEBV 3     VPEC_ERR 0     
  FORMAT_MASK = 48 (<built-in function format>) 
  Compute NGENTOT=   127 for SIMnorm_PIP_PLUS_10REAL_SIMHSTREAL_4D_BS20_SNIaMODEL0

     GENVERSION        MODEL        CIDOFF(GENVERSION)
# -------------------------------------------------- 
 PIP_PLUS_10REAL_SIMH SNIa-0   [0, 3933] ... [31464, 35397]
# -------------------------------------------------- 
  RESET_CIDOFF        = 1 
  CIDRAN_MIN        = 0
  CIDRAN_MAX(genver)= [39330]
  Sum of NGENTOT_LC = 2667 x 10 (distribute among 10 jobs)

 Done launching jobs. Sit back and relax.
 Check status in LOGS/MERGE.LOG 
