FAIL_SUMMARY:
   NJOB_FAIL(TOTAL):           0  # 

# STATE  IVER     GENVERSION     NLC_GEN NLC_WRITE NSPEC_WRITE  CPU  NSPLIT   
SPLIT: 
  - ['DONE', 0, 'TMP_djbr_PIP_PLUS_10REAL_SIMFOUNDBIGREAL_4D_BS20_SNIaMODEL0', 221760, 5744, 0, 34.6, 10]

# STATE     IVER  GENVERSION     NLC_GEN NLC_WRITE NSPEC_WRITE CPU   
MERGE: 
  - ['DONE', 0, 'PIP_PLUS_10REAL_SIMFOUNDBIGREAL_4D_BS20-0001', 22176, 569, 0, 3.4]
  - ['DONE', 0, 'PIP_PLUS_10REAL_SIMFOUNDBIGREAL_4D_BS20-0002', 22176, 586, 0, 3.5]
  - ['DONE', 0, 'PIP_PLUS_10REAL_SIMFOUNDBIGREAL_4D_BS20-0003', 22176, 560, 0, 3.5]
  - ['DONE', 0, 'PIP_PLUS_10REAL_SIMFOUNDBIGREAL_4D_BS20-0004', 22176, 607, 0, 3.5]
  - ['DONE', 0, 'PIP_PLUS_10REAL_SIMFOUNDBIGREAL_4D_BS20-0005', 22176, 548, 0, 3.5]
  - ['DONE', 0, 'PIP_PLUS_10REAL_SIMFOUNDBIGREAL_4D_BS20-0006', 22176, 586, 0, 3.5]
  - ['DONE', 0, 'PIP_PLUS_10REAL_SIMFOUNDBIGREAL_4D_BS20-0007', 22176, 596, 0, 3.5]
  - ['DONE', 0, 'PIP_PLUS_10REAL_SIMFOUNDBIGREAL_4D_BS20-0008', 22176, 526, 0, 3.5]
  - ['DONE', 0, 'PIP_PLUS_10REAL_SIMFOUNDBIGREAL_4D_BS20-0009', 22176, 597, 0, 3.5]
  - ['DONE', 0, 'PIP_PLUS_10REAL_SIMFOUNDBIGREAL_4D_BS20-0010', 22176, 569, 0, 3.5]

SURVEY:         FOUNDATION 
IDSURVEY:       150 
NLC_GEN_SUM:      221760 
NLC_WRITE_SUM:    5744 
NSPEC_WRITE_SUM:  0 
UNIT_TIME:      hours    
WALL_TIME:      0.084  # hours   
TMIN_PENDING:   0.02  
TMAX_PENDING:   0.02  
CPU_SUM:        0.582   # hours 
EFFIC_CPU:      0.693   # CPU/core/T_wall 
