 Program class : Simulation 

 Program name: snlc_sim.exe
	 Batch command:  sbatch
	 Batch template: /project2/rkessler/PRODUCTS/SNANA/SBATCH_TEMPLATES/SBATCH_Midway2b.TEMPLATE
	 Batch n_core:   10
 Create output dir:
   /scratch/midway2/rkessler/PIPPIN_OUTPUT/PLUS_10REAL/1_SIM/SIMLOWZREAL_4D_BS20/LOGS
  Create command files:
	 Create CPU0000_JOBLIST_midway2-login1.CMD
	 Create CPU0001_JOBLIST_midway2-login1.CMD
	 Create CPU0002_JOBLIST_midway2-login1.CMD
	 Create CPU0003_JOBLIST_midway2-login1.CMD
	 Create CPU0004_JOBLIST_midway2-login1.CMD
	 Create CPU0005_JOBLIST_midway2-login1.CMD
	 Create CPU0006_JOBLIST_midway2-login1.CMD
	 Create CPU0007_JOBLIST_midway2-login1.CMD
	 Create CPU0008_JOBLIST_midway2-login1.CMD
	 Create CPU0009_JOBLIST_midway2-login1.CMD
 BATCH DRIVER JOB COUNT SUMMARY: 10 jobs on 10 cores
  Create MERGE.LOG
  Create SUBMIT.INFO
	 pid = 15446255 for PIP_PLUS_10REAL_SIMLOWZREAL_4D_BS20.input-CPU0000
	 pid = 15446256 for PIP_PLUS_10REAL_SIMLOWZREAL_4D_BS20.input-CPU0001
	 pid = 15446257 for PIP_PLUS_10REAL_SIMLOWZREAL_4D_BS20.input-CPU0002
	 pid = 15446258 for PIP_PLUS_10REAL_SIMLOWZREAL_4D_BS20.input-CPU0003
	 pid = 15446259 for PIP_PLUS_10REAL_SIMLOWZREAL_4D_BS20.input-CPU0004
	 pid = 15446260 for PIP_PLUS_10REAL_SIMLOWZREAL_4D_BS20.input-CPU0005
	 pid = 15446261 for PIP_PLUS_10REAL_SIMLOWZREAL_4D_BS20.input-CPU0006
	 pid = 15446262 for PIP_PLUS_10REAL_SIMLOWZREAL_4D_BS20.input-CPU0007
	 pid = 15446263 for PIP_PLUS_10REAL_SIMLOWZREAL_4D_BS20.input-CPU0008
	 pid = 15446264 for PIP_PLUS_10REAL_SIMLOWZREAL_4D_BS20.input-CPU0009
No warnings
No errors

 sim_prep_GENOPT(PIP_PLUS_10REAL_SIMLOWZREAL_4D_BS20) 
	 GENOPT(sn_ia_salt2_g10_lowz.input): GENGRID_SALT2BETA 0     GENMAG_OFF_GLOBAL -0.12     GENMAG_SMEAR 1e-06     GENMAG_SMEAR_MODELNAME C11     GENMAG_SMEAR_SCALE 0.0001     GENMAG_SMEAR_SCALE\(c\) 0,0     GENMODEL $PANTHEONPLUS/submit_trainSALT2/out_train_v6_1/SALT2.MODEL000     GENPDF_FILE /project2/rkessler/SURVEYS/SDSS/USERS/BAP37/MASS_paper/AS/DISTS/LOWZ_lowRVSTD.v2.DAT     GENPEAK_SALT2ALPHA 0.145     GENPEAK_SALT2BETA 2.0     GENPEAK_SALT2c -0.084     GENRANGE_REDSHIFT 0.007   0.0999     GENRANGE_SALT2BETA .4 13     GENRANGE_SALT2c -0.40    0.50     GENSIGMA_SALT2BETA .35 .35     GENSIGMA_SALT2c 0.042  0.042     GENSIGMA_VPEC 0     HOSTLIB_FILE $PANTHEONPLUS/HOSTLIBS/F2/LOWZ-SPEC-BS20-DGaussian.HOSTLIB     HOSTLIB_MSKOPT 66     HOSTLIB_SCALE_LOGMASS_ERR 0.0     HOSTLIB_WGTMAP_FILE $PANTHEONPLUS/siminputs/LOWZ.v2.WGT     KCOR_FILE $PANTHEONPLUS/kcor/v6_1//kcor_PS1_CFA_COMBINED_v6_1.fits     OPT_MWCOLORLAW 89     OPT_MWEBV 3     VPEC_ERR 0     
  FORMAT_MASK = 48 (<built-in function format>) 
  Compute NGENTOT= 35558 for SIMnorm_PIP_PLUS_10REAL_SIMLOWZREAL_4D_BS20_SNIaMODEL0

     GENVERSION        MODEL        CIDOFF(GENVERSION)
# -------------------------------------------------- 
 PIP_PLUS_10REAL_SIML SNIa-0   [0, 40113] ... [320904, 361017]
# -------------------------------------------------- 
  RESET_CIDOFF        = 1 
  CIDRAN_MIN        = 0
  CIDRAN_MAX(genver)= [401130]
  Sum of NGENTOT_LC = 35558 x 10 (distribute among 10 jobs)

 Done launching jobs. Sit back and relax.
 Check status in LOGS/MERGE.LOG 
