FAIL_SUMMARY:
   NJOB_FAIL(TOTAL):           0  # 

# STATE  IVER     GENVERSION     NLC_GEN NLC_WRITE NSPEC_WRITE  CPU  NSPLIT   
SPLIT: 
  - ['DONE', 0, 'TMP_djbr_PIP_PLUS_10REAL_SIMLOWZREAL_4D_BS20_SNIaMODEL0', 355580, 3119, 0, 63.1, 10]

# STATE     IVER  GENVERSION     NLC_GEN NLC_WRITE NSPEC_WRITE CPU   
MERGE: 
  - ['DONE', 0, 'PIP_PLUS_10REAL_SIMLOWZREAL_4D_BS20-0001', 35558, 345, 0, 6.5]
  - ['DONE', 0, 'PIP_PLUS_10REAL_SIMLOWZREAL_4D_BS20-0002', 35558, 303, 0, 6.5]
  - ['DONE', 0, 'PIP_PLUS_10REAL_SIMLOWZREAL_4D_BS20-0003', 35558, 286, 0, 6.5]
  - ['DONE', 0, 'PIP_PLUS_10REAL_SIMLOWZREAL_4D_BS20-0004', 35558, 333, 0, 6.2]
  - ['DONE', 0, 'PIP_PLUS_10REAL_SIMLOWZREAL_4D_BS20-0005', 35558, 302, 0, 6.2]
  - ['DONE', 0, 'PIP_PLUS_10REAL_SIMLOWZREAL_4D_BS20-0006', 35558, 330, 0, 6.2]
  - ['DONE', 0, 'PIP_PLUS_10REAL_SIMLOWZREAL_4D_BS20-0007', 35558, 289, 0, 6.3]
  - ['DONE', 0, 'PIP_PLUS_10REAL_SIMLOWZREAL_4D_BS20-0008', 35558, 292, 0, 6.2]
  - ['DONE', 0, 'PIP_PLUS_10REAL_SIMLOWZREAL_4D_BS20-0009', 35558, 320, 0, 6.2]
  - ['DONE', 0, 'PIP_PLUS_10REAL_SIMLOWZREAL_4D_BS20-0010', 35558, 319, 0, 6.2]

SURVEY:         PS1_LOWZ_COMBINED 
IDSURVEY:       70 
NLC_GEN_SUM:      355580 
NLC_WRITE_SUM:    3119 
NSPEC_WRITE_SUM:  0 
UNIT_TIME:      hours    
WALL_TIME:      0.138  # hours   
TMIN_PENDING:   0.03  
TMAX_PENDING:   0.03  
CPU_SUM:        1.050   # hours 
EFFIC_CPU:      0.758   # CPU/core/T_wall 
